<?xml version="1.0" encoding="UTF-8"?>
<!-- Generated by org.testng.reporters.JUnitReportReporter -->
<testsuite skipped="0" hostname="DESKTOP-QFPMC0G" name="stepDefination.TestNGRunner" tests="1" failures="0" timestamp="18 Nov 2020 12:17:24 GMT" time="15.993" errors="0">
  <testcase name="scenario" time="15.993" classname="stepDefination.TestNGRunner"/>
</testsuite> <!-- stepDefination.TestNGRunner -->
