<?xml version="1.0" encoding="UTF-8"?>
<!-- Generated by org.testng.reporters.JUnitReportReporter -->
<testsuite skipped="0" hostname="DESKTOP-QFPMC0G" name="stepDefination.TestNGRunner" tests="1" failures="0" timestamp="14 Nov 2020 17:16:13 GMT" time="18.244" errors="0">
  <testcase name="scenario" time="18.244" classname="stepDefination.TestNGRunner"/>
</testsuite> <!-- stepDefination.TestNGRunner -->
