<?xml version="1.0" encoding="UTF-8"?>
<!-- Generated by org.testng.reporters.JUnitReportReporter -->
<testsuite skipped="0" hostname="DESKTOP-QFPMC0G" name="stepDefination.TestNGRunner" tests="2" failures="0" timestamp="16 Nov 2020 11:43:13 GMT" time="53.690" errors="0">
  <testcase name="scenario" time="31.749" classname="stepDefination.TestNGRunner"/>
  <testcase name="scenario" time="21.941" classname="stepDefination.TestNGRunner"/>
</testsuite> <!-- stepDefination.TestNGRunner -->
