<?xml version="1.0" encoding="UTF-8"?>
<!-- Generated by org.testng.reporters.JUnitReportReporter -->
<testsuite skipped="0" hostname="GOLAB" name="stepDefination.TestNGRunner" tests="3" failures="0" timestamp="2021-04-09T15:28:29 IST" time="153.489" errors="0">
  <testcase name="scenario" time="57.515" classname="stepDefination.TestNGRunner"/>
  <system-out/>
  <testcase name="scenario" time="37.793" classname="stepDefination.TestNGRunner"/>
  <system-out/>
  <testcase name="scenario" time="58.181" classname="stepDefination.TestNGRunner"/>
  <system-out/>
</testsuite> <!-- stepDefination.TestNGRunner -->
